<?xml version="1.0" encoding="UTF-8"?>
<!-- Generated by org.testng.reporters.JUnitXMLReporter -->
<testsuite ignored="0" hostname="Mr-Ahaduzzaman" failures="0" tests="3" name="Default test" time="179.486" errors="0" timestamp="05 Sep 2023 12:06:37 GMT">
  <testcase classname="SalseCRM.CRM.adding_Account_record" name="addRecord" time="30.11"/>
  <testcase classname="SalseCRM.CRM.adding_Contact_List" name="AddContactList" time="38.188"/>
  <testcase classname="SalseCRM.CRM.adding_Oportunities_List" name="AddOportunitiesList" time="35.4"/>
</testsuite> <!-- Default test -->
